# JRE version: Java(TM) SE Runtime Environment (8.0_221-b11) (build 1.8.0_221-b11)
# Java VM: Java HotSpot(TM) 64-Bit Server VM (25.221-b11 mixed mode windows-amd64 compressed oops)
Heap:
 PSYoungGen      total 220160K, used 129955K [0x000000076b380000, 0x000000077ce80000, 0x00000007c0000000)
  eden space 201728K, 64% used [0x000000076b380000,0x0000000773268eb0,0x0000000777880000)
  from space 18432K, 0% used [0x0000000777880000,0x0000000777880000,0x0000000778a80000)
  to   space 18432K, 0% used [0x000000077bc80000,0x000000077bc80000,0x000000077ce80000)
 ParOldGen       total 236032K, used 23088K [0x00000006c1a00000, 0x00000006d0080000, 0x000000076b380000)
  object space 236032K, 9% used [0x00000006c1a00000,0x00000006c308c140,0x00000006d0080000)
 Metaspace       used 62387K, capacity 65636K, committed 65944K, reserved 1105920K
  class space    used 8454K, capacity 9010K, committed 9112K, reserved 1048576K
GC Heap History (10 events):
Event: 4.588 GC heap before
{Heap before GC invocations=8 (full 1):
 PSYoungGen      total 154624K, used 39050K [0x000000076b380000, 0x0000000777c80000, 0x00000007c0000000)
  eden space 141824K, 20% used [0x000000076b380000,0x000000076cfce760,0x0000000773e00000)
  from space 12800K, 78% used [0x0000000774b80000,0x0000000775554150,0x0000000775800000)
  to   space 13824K, 0% used [0x0000000773e00000,0x0000000773e00000,0x0000000774b80000)
 ParOldGen       total 111616K, used 10312K [0x00000006c1a00000, 0x00000006c8700000, 0x000000076b380000)
  object space 111616K, 9% used [0x00000006c1a00000,0x00000006c24120f0,0x00000006c8700000)
 Metaspace       used 33602K, capacity 35458K, committed 35496K, reserved 1079296K
  class space    used 4398K, capacity 4747K, committed 4784K, reserved 1048576K
Event: 4.596 GC heap after
Heap after GC invocations=8 (full 1):
 PSYoungGen      total 155648K, used 8027K [0x000000076b380000, 0x0000000779780000, 0x00000007c0000000)
  eden space 141824K, 0% used [0x000000076b380000,0x000000076b380000,0x0000000773e00000)
  from space 13824K, 58% used [0x0000000773e00000,0x00000007745d6f28,0x0000000774b80000)
  to   space 13312K, 0% used [0x0000000778a80000,0x0000000778a80000,0x0000000779780000)
 ParOldGen       total 111616K, used 10320K [0x00000006c1a00000, 0x00000006c8700000, 0x000000076b380000)
  object space 111616K, 9% used [0x00000006c1a00000,0x00000006c24140f0,0x00000006c8700000)
 Metaspace       used 33602K, capacity 35458K, committed 35496K, reserved 1079296K
  class space    used 4398K, capacity 4747K, committed 4784K, reserved 1048576K
}
Event: 4.596 GC heap before
{Heap before GC invocations=9 (full 2):
 PSYoungGen      total 155648K, used 8027K [0x000000076b380000, 0x0000000779780000, 0x00000007c0000000)
  eden space 141824K, 0% used [0x000000076b380000,0x000000076b380000,0x0000000773e00000)
  from space 13824K, 58% used [0x0000000773e00000,0x00000007745d6f28,0x0000000774b80000)
  to   space 13312K, 0% used [0x0000000778a80000,0x0000000778a80000,0x0000000779780000)
 ParOldGen       total 111616K, used 10320K [0x00000006c1a00000, 0x00000006c8700000, 0x000000076b380000)
  object space 111616K, 9% used [0x00000006c1a00000,0x00000006c24140f0,0x00000006c8700000)
 Metaspace       used 33602K, capacity 35458K, committed 35496K, reserved 1079296K
  class space    used 4398K, capacity 4747K, committed 4784K, reserved 1048576K
Event: 4.645 GC heap after
Heap after GC invocations=9 (full 2):
 PSYoungGen      total 155648K, used 0K [0x000000076b380000, 0x0000000779780000, 0x00000007c0000000)
  eden space 141824K, 0% used [0x000000076b380000,0x000000076b380000,0x0000000773e00000)
  from space 13824K, 0% used [0x0000000773e00000,0x0000000773e00000,0x0000000774b80000)
  to   space 13312K, 0% used [0x0000000778a80000,0x0000000778a80000,0x0000000779780000)
 ParOldGen       total 165376K, used 12478K [0x00000006c1a00000, 0x00000006cbb80000, 0x000000076b380000)
  object space 165376K, 7% used [0x00000006c1a00000,0x00000006c262faa0,0x00000006cbb80000)
 Metaspace       used 33602K, capacity 35458K, committed 35496K, reserved 1079296K
  class space    used 4398K, capacity 4747K, committed 4784K, reserved 1048576K
}
Event: 6.989 GC heap before
{Heap before GC invocations=10 (full 2):
 PSYoungGen      total 155648K, used 141824K [0x000000076b380000, 0x0000000779780000, 0x00000007c0000000)
  eden space 141824K, 100% used [0x000000076b380000,0x0000000773e00000,0x0000000773e00000)
  from space 13824K, 0% used [0x0000000773e00000,0x0000000773e00000,0x0000000774b80000)
  to   space 13312K, 0% used [0x0000000778a80000,0x0000000778a80000,0x0000000779780000)
 ParOldGen       total 165376K, used 12478K [0x00000006c1a00000, 0x00000006cbb80000, 0x000000076b380000)
  object space 165376K, 7% used [0x00000006c1a00000,0x00000006c262faa0,0x00000006cbb80000)
 Metaspace       used 51787K, capacity 53936K, committed 54064K, reserved 1095680K
  class space    used 7040K, capacity 7426K, committed 7472K, reserved 1048576K
Event: 7.004 GC heap after
Heap after GC invocations=10 (full 2):
 PSYoungGen      total 215040K, used 13287K [0x000000076b380000, 0x000000077a000000, 0x00000007c0000000)
  eden space 201728K, 0% used [0x000000076b380000,0x000000076b380000,0x0000000777880000)
  from space 13312K, 99% used [0x0000000778a80000,0x0000000779779f60,0x0000000779780000)
  to   space 18432K, 0% used [0x0000000777880000,0x0000000777880000,0x0000000778a80000)
 ParOldGen       total 165376K, used 19439K [0x00000006c1a00000, 0x00000006cbb80000, 0x000000076b380000)
  object space 165376K, 11% used [0x00000006c1a00000,0x00000006c2cfbe60,0x00000006cbb80000)
 Metaspace       used 51787K, capacity 53936K, committed 54064K, reserved 1095680K
  class space    used 7040K, capacity 7426K, committed 7472K, reserved 1048576K
}
Event: 8.646 GC heap before
{Heap before GC invocations=11 (full 2):
 PSYoungGen      total 215040K, used 70517K [0x000000076b380000, 0x000000077a000000, 0x00000007c0000000)
  eden space 201728K, 28% used [0x000000076b380000,0x000000076eb634a8,0x0000000777880000)
  from space 13312K, 99% used [0x0000000778a80000,0x0000000779779f60,0x0000000779780000)
  to   space 18432K, 0% used [0x0000000777880000,0x0000000777880000,0x0000000778a80000)
 ParOldGen       total 165376K, used 19439K [0x00000006c1a00000, 0x00000006cbb80000, 0x000000076b380000)
  object space 165376K, 11% used [0x00000006c1a00000,0x00000006c2cfbe60,0x00000006cbb80000)
 Metaspace       used 56390K, capacity 59056K, committed 59160K, reserved 1099776K
  class space    used 7659K, capacity 8114K, committed 8216K, reserved 1048576K
Event: 8.662 GC heap after
Heap after GC invocations=11 (full 2):
 PSYoungGen      total 220160K, used 12399K [0x000000076b380000, 0x000000077ce80000, 0x00000007c0000000)
  eden space 201728K, 0% used [0x000000076b380000,0x000000076b380000,0x0000000777880000)
  from space 18432K, 67% used [0x0000000777880000,0x000000077849bce0,0x0000000778a80000)
  to   space 18432K, 0% used [0x000000077bc80000,0x000000077bc80000,0x000000077ce80000)
 ParOldGen       total 165376K, used 19447K [0x00000006c1a00000, 0x00000006cbb80000, 0x000000076b380000)
  object space 165376K, 11% used [0x00000006c1a00000,0x00000006c2cfde60,0x00000006cbb80000)
 Metaspace       used 56390K, capacity 59056K, committed 59160K, reserved 1099776K
  class space    used 7659K, capacity 8114K, committed 8216K, reserved 1048576K
}
Event: 8.662 GC heap before
{Heap before GC invocations=12 (full 3):
 PSYoungGen      total 220160K, used 12399K [0x000000076b380000, 0x000000077ce80000, 0x00000007c0000000)
  eden space 201728K, 0% used [0x000000076b380000,0x000000076b380000,0x0000000777880000)
  from space 18432K, 67% used [0x0000000777880000,0x000000077849bce0,0x0000000778a80000)
  to   space 18432K, 0% used [0x000000077bc80000,0x000000077bc80000,0x000000077ce80000)
 ParOldGen       total 165376K, used 19447K [0x00000006c1a00000, 0x00000006cbb80000, 0x000000076b380000)
  object space 165376K, 11% used [0x00000006c1a00000,0x00000006c2cfde60,0x00000006cbb80000)
 Metaspace       used 56390K, capacity 59056K, committed 59160K, reserved 1099776K
  class space    used 7659K, capacity 8114K, committed 8216K, reserved 1048576K
Event: 8.791 GC heap after
Heap after GC invocations=12 (full 3):
 PSYoungGen      total 220160K, used 0K [0x000000076b380000, 0x000000077ce80000, 0x00000007c0000000)
  eden space 201728K, 0% used [0x000000076b380000,0x000000076b380000,0x0000000777880000)
  from space 18432K, 0% used [0x0000000777880000,0x0000000777880000,0x0000000778a80000)
  to   space 18432K, 0% used [0x000000077bc80000,0x000000077bc80000,0x000000077ce80000)
 ParOldGen       total 236032K, used 23088K [0x00000006c1a00000, 0x00000006d0080000, 0x000000076b380000)
  object space 236032K, 9% used [0x00000006c1a00000,0x00000006c308c140,0x00000006d0080000)
 Metaspace       used 56390K, capacity 59056K, committed 59160K, reserved 1099776K
  class space    used 7659K, capacity 8114K, committed 8216K, reserved 1048576K
}

